{
  "stats": {
    "suites": 2,
    "tests": 5,
    "passes": 5,
    "pending": 0,
    "failures": 0,
    "start": "2026-05-24T01:57:18.175Z",
    "end": "2026-05-24T01:57:18.182Z",
    "duration": 7,
    "testsRegistered": 5,
    "passPercent": 100,
    "pendingPercent": 0,
    "other": 0,
    "hasOther": false,
    "skipped": 0,
    "hasSkipped": false
  },
  "results": [
    {
      "uuid": "ae9d2327-dc86-4c29-b190-fe169e7f0aad",
      "title": "",
      "fullFile": "C:\\projetcs\\trabalho-conclusao-automacao-pgats\\test\\servicoDePagamento.test.js",
      "file": "\\test\\servicoDePagamento.test.js",
      "beforeHooks": [],
      "afterHooks": [],
      "tests": [],
      "suites": [
        {
          "uuid": "2b9dcab4-c966-4f5d-834f-5d6707090d6b",
          "title": "Metódo Serviço de Pagamento:",
          "fullFile": "C:\\projetcs\\trabalho-conclusao-automacao-pgats\\test\\servicoDePagamento.test.js",
          "file": "\\test\\servicoDePagamento.test.js",
          "beforeHooks": [],
          "afterHooks": [],
          "tests": [
            {
              "title": "Realizar pagamento com Código de Barras, Empresa e Valor",
              "fullTitle": "Metódo Serviço de Pagamento: Realizar pagamento com Código de Barras, Empresa e Valor",
              "timedOut": false,
              "duration": 0,
              "state": "passed",
              "speed": "fast",
              "pass": true,
              "fail": false,
              "pending": false,
              "context": null,
              "code": "// Arrange\nconst servico = new ServicoDePagamento();\n// Act\nservico.pagar('0987-7656-3475', 'Samar', 156.87);\nconst ultimo = servico.consultarUltimoPagamento();\n// Assert\nassert.equal(ultimo.codigoBarras, '0987-7656-3475');\nassert.equal(ultimo.empresa, 'Samar');\nassert.equal(ultimo.valor, 156.87);",
              "err": {},
              "uuid": "9b899ca1-8d0c-4dba-af55-539db142ffe9",
              "parentUUID": "2b9dcab4-c966-4f5d-834f-5d6707090d6b",
              "isHook": false,
              "skipped": false
            },
            {
              "title": "Retornar categoria como \"cara\" quando valor for maior que 100",
              "fullTitle": "Metódo Serviço de Pagamento: Retornar categoria como \"cara\" quando valor for maior que 100",
              "timedOut": false,
              "duration": 0,
              "state": "passed",
              "speed": "fast",
              "pass": true,
              "fail": false,
              "pending": false,
              "context": null,
              "code": "const servico = new ServicoDePagamento();\n      servico.pagar('1111-2222-3333', 'Empresa X', 150.00);\n      const ultimo = servico.consultarUltimoPagamento();\n      assert.equal(ultimo.categoria, 'cara');",
              "err": {},
              "uuid": "2c46095c-48fc-46e0-80b8-009e1c2f61e6",
              "parentUUID": "2b9dcab4-c966-4f5d-834f-5d6707090d6b",
              "isHook": false,
              "skipped": false
            },
            {
              "title": "Retornar categoria como \"padrão\" quando valor for igual a 100",
              "fullTitle": "Metódo Serviço de Pagamento: Retornar categoria como \"padrão\" quando valor for igual a 100",
              "timedOut": false,
              "duration": 0,
              "state": "passed",
              "speed": "fast",
              "pass": true,
              "fail": false,
              "pending": false,
              "context": null,
              "code": "const servico = new ServicoDePagamento();\n      servico.pagar('1111-2222-3333', 'Empresa Y', 100.00);\n      const ultimo = servico.consultarUltimoPagamento();\n      assert.equal(ultimo.categoria, 'padrão');",
              "err": {},
              "uuid": "0706c74c-107e-4e58-9cdd-75b91b9ff168",
              "parentUUID": "2b9dcab4-c966-4f5d-834f-5d6707090d6b",
              "isHook": false,
              "skipped": false
            },
            {
              "title": "Retornar categoria como \"padrão\" quando valor for menor que 100",
              "fullTitle": "Metódo Serviço de Pagamento: Retornar categoria como \"padrão\" quando valor for menor que 100",
              "timedOut": false,
              "duration": 0,
              "state": "passed",
              "speed": "fast",
              "pass": true,
              "fail": false,
              "pending": false,
              "context": null,
              "code": "const servico = new ServicoDePagamento();\n   \n      servico.pagar('4444-5555-6666', 'Empresa Z', 49.90);\n      const ultimo = servico.consultarUltimoPagamento();\n      assert.equal(ultimo.categoria, 'padrão');",
              "err": {},
              "uuid": "5c56f688-c524-41d6-8cd2-be7f7bfd716e",
              "parentUUID": "2b9dcab4-c966-4f5d-834f-5d6707090d6b",
              "isHook": false,
              "skipped": false
            }
          ],
          "suites": [
            {
              "uuid": "85455524-6c66-412a-acf0-fe26c720564c",
              "title": "Método Consulta do Ùltimo Pagamento:",
              "fullFile": "C:\\projetcs\\trabalho-conclusao-automacao-pgats\\test\\servicoDePagamento.test.js",
              "file": "\\test\\servicoDePagamento.test.js",
              "beforeHooks": [],
              "afterHooks": [],
              "tests": [
                {
                  "title": "Consultar o último pagamento realizado",
                  "fullTitle": "Metódo Serviço de Pagamento: Método Consulta do Ùltimo Pagamento: Consultar o último pagamento realizado",
                  "timedOut": false,
                  "duration": 0,
                  "state": "passed",
                  "speed": "fast",
                  "pass": true,
                  "fail": false,
                  "pending": false,
                  "context": null,
                  "code": "const servico = new ServicoDePagamento();\n      servico.pagar('0001-0001-0001', 'Primeira Empresa', 50.00);\n      servico.pagar('0002-0002-0002', 'Última Empresa', 250.00);\n      const ultimo = servico.consultarUltimoPagamento();\n      assert.equal(ultimo.empresa, 'Última Empresa');\n      assert.equal(ultimo.valor, 250.00);\n      assert.equal(ultimo.categoria, 'cara');",
                  "err": {},
                  "uuid": "0c662799-c91b-4fd2-bac4-39872a157a77",
                  "parentUUID": "85455524-6c66-412a-acf0-fe26c720564c",
                  "isHook": false,
                  "skipped": false
                }
              ],
              "suites": [],
              "passes": [
                "0c662799-c91b-4fd2-bac4-39872a157a77"
              ],
              "failures": [],
              "pending": [],
              "skipped": [],
              "duration": 0,
              "root": false,
              "rootEmpty": false,
              "_timeout": 2000
            }
          ],
          "passes": [
            "9b899ca1-8d0c-4dba-af55-539db142ffe9",
            "2c46095c-48fc-46e0-80b8-009e1c2f61e6",
            "0706c74c-107e-4e58-9cdd-75b91b9ff168",
            "5c56f688-c524-41d6-8cd2-be7f7bfd716e"
          ],
          "failures": [],
          "pending": [],
          "skipped": [],
          "duration": 0,
          "root": false,
          "rootEmpty": false,
          "_timeout": 2000
        }
      ],
      "passes": [],
      "failures": [],
      "pending": [],
      "skipped": [],
      "duration": 0,
      "root": true,
      "rootEmpty": true,
      "_timeout": 2000
    }
  ],
  "meta": {
    "mocha": {
      "version": "11.7.6"
    },
    "mochawesome": {
      "options": {
        "quiet": false,
        "reportFilename": "mochawesome",
        "saveHtml": true,
        "saveJson": true,
        "consoleReporter": "spec",
        "useInlineDiffs": false,
        "code": true
      },
      "version": "7.1.4"
    },
    "marge": {
      "options": null,
      "version": "6.3.2"
    }
  }
}