{
  "stats": {
    "suites": 2,
    "tests": 5,
    "passes": 5,
    "pending": 0,
    "failures": 0,
    "start": "2026-05-24T01:05:09.387Z",
    "end": "2026-05-24T01:05:09.392Z",
    "duration": 5,
    "testsRegistered": 5,
    "passPercent": 100,
    "pendingPercent": 0,
    "other": 0,
    "hasOther": false,
    "skipped": 0,
    "hasSkipped": false
  },
  "results": [
    {
      "uuid": "a811051f-d917-46a8-8813-9cf8d25c3618",
      "title": "",
      "fullFile": "C:\\projetcs\\trabalho-conclusao-automacao-pgats\\test\\servicoDePagamento.test.js",
      "file": "\\test\\servicoDePagamento.test.js",
      "beforeHooks": [],
      "afterHooks": [],
      "tests": [],
      "suites": [
        {
          "uuid": "f289ccb1-39ff-4d0e-9772-0e59aaabe04e",
          "title": "Metódo de Serviço de Pagamento:",
          "fullFile": "C:\\projetcs\\trabalho-conclusao-automacao-pgats\\test\\servicoDePagamento.test.js",
          "file": "\\test\\servicoDePagamento.test.js",
          "beforeHooks": [],
          "afterHooks": [],
          "tests": [
            {
              "title": "Realizar pagamento com Código de Barras, Empresa e Valor",
              "fullTitle": "Metódo de Serviço de Pagamento: Realizar pagamento com Código de Barras, Empresa e Valor",
              "timedOut": false,
              "duration": 0,
              "state": "passed",
              "speed": "fast",
              "pass": true,
              "fail": false,
              "pending": false,
              "context": null,
              "code": "// Arrange\nconst servico = new ServicoDePagamento();\n// Act\nservico.pagar('0987-7656-3475', 'Samar', 156.87);\nconst ultimo = servico.consultarUltimoPagamento();\n// Assert\nassert.equal(ultimo.codigoBarras, '0987-7656-3475');\nassert.equal(ultimo.empresa, 'Samar');\nassert.equal(ultimo.valor, 156.87);",
              "err": {},
              "uuid": "650562c1-c601-4f48-8348-828b9e6e79ec",
              "parentUUID": "f289ccb1-39ff-4d0e-9772-0e59aaabe04e",
              "isHook": false,
              "skipped": false
            },
            {
              "title": "Retornar categoria como \"cara\" quando valor for maior que 100",
              "fullTitle": "Metódo de Serviço de Pagamento: Retornar categoria como \"cara\" quando valor for maior que 100",
              "timedOut": false,
              "duration": 0,
              "state": "passed",
              "speed": "fast",
              "pass": true,
              "fail": false,
              "pending": false,
              "context": null,
              "code": "const servico = new ServicoDePagamento();\n      servico.pagar('1111-2222-3333', 'Empresa X', 150.00);\n      const ultimo = servico.consultarUltimoPagamento();\n      assert.equal(ultimo.categoria, 'cara');",
              "err": {},
              "uuid": "c6f8f4b4-34e5-4958-b038-98f64b32239f",
              "parentUUID": "f289ccb1-39ff-4d0e-9772-0e59aaabe04e",
              "isHook": false,
              "skipped": false
            },
            {
              "title": "Retornar categoria como \"padrão\" quando valor for igual a 100",
              "fullTitle": "Metódo de Serviço de Pagamento: Retornar categoria como \"padrão\" quando valor for igual a 100",
              "timedOut": false,
              "duration": 0,
              "state": "passed",
              "speed": "fast",
              "pass": true,
              "fail": false,
              "pending": false,
              "context": null,
              "code": "const servico = new ServicoDePagamento();\n      servico.pagar('1111-2222-3333', 'Empresa Y', 100.00);\n      const ultimo = servico.consultarUltimoPagamento();\n      assert.equal(ultimo.categoria, 'padrão');",
              "err": {},
              "uuid": "a5a801e9-2961-4d57-8be1-2cd1da878c61",
              "parentUUID": "f289ccb1-39ff-4d0e-9772-0e59aaabe04e",
              "isHook": false,
              "skipped": false
            },
            {
              "title": "Retornar categoria como \"padrão\" quando valor for menor que 100",
              "fullTitle": "Metódo de Serviço de Pagamento: Retornar categoria como \"padrão\" quando valor for menor que 100",
              "timedOut": false,
              "duration": 0,
              "state": "passed",
              "speed": "fast",
              "pass": true,
              "fail": false,
              "pending": false,
              "context": null,
              "code": "const servico = new ServicoDePagamento();\n   \n      servico.pagar('4444-5555-6666', 'Empresa Z', 49.90);\n      const ultimo = servico.consultarUltimoPagamento();\n      assert.equal(ultimo.categoria, 'padrão');",
              "err": {},
              "uuid": "8e63d47c-2797-4443-a0f6-1eabc97dffa0",
              "parentUUID": "f289ccb1-39ff-4d0e-9772-0e59aaabe04e",
              "isHook": false,
              "skipped": false
            }
          ],
          "suites": [
            {
              "uuid": "f1c0958f-8b08-4e1e-ba94-bf4c0b1b750e",
              "title": "Método consultar do último pagamento:",
              "fullFile": "C:\\projetcs\\trabalho-conclusao-automacao-pgats\\test\\servicoDePagamento.test.js",
              "file": "\\test\\servicoDePagamento.test.js",
              "beforeHooks": [],
              "afterHooks": [],
              "tests": [
                {
                  "title": "Consultar o último pagamento realizado",
                  "fullTitle": "Metódo de Serviço de Pagamento: Método consultar do último pagamento: Consultar o último pagamento realizado",
                  "timedOut": false,
                  "duration": 0,
                  "state": "passed",
                  "speed": "fast",
                  "pass": true,
                  "fail": false,
                  "pending": false,
                  "context": null,
                  "code": "const servico = new ServicoDePagamento();\n      servico.pagar('0001-0001-0001', 'Primeira Empresa', 50.00);\n      servico.pagar('0002-0002-0002', 'Última Empresa', 250.00);\n      const ultimo = servico.consultarUltimoPagamento();\n      assert.equal(ultimo.empresa, 'Última Empresa');\n      assert.equal(ultimo.valor, 250.00);\n      assert.equal(ultimo.categoria, 'cara');",
                  "err": {},
                  "uuid": "316fecbf-6213-470d-b969-956d01e65c8a",
                  "parentUUID": "f1c0958f-8b08-4e1e-ba94-bf4c0b1b750e",
                  "isHook": false,
                  "skipped": false
                }
              ],
              "suites": [],
              "passes": [
                "316fecbf-6213-470d-b969-956d01e65c8a"
              ],
              "failures": [],
              "pending": [],
              "skipped": [],
              "duration": 0,
              "root": false,
              "rootEmpty": false,
              "_timeout": 2000
            }
          ],
          "passes": [
            "650562c1-c601-4f48-8348-828b9e6e79ec",
            "c6f8f4b4-34e5-4958-b038-98f64b32239f",
            "a5a801e9-2961-4d57-8be1-2cd1da878c61",
            "8e63d47c-2797-4443-a0f6-1eabc97dffa0"
          ],
          "failures": [],
          "pending": [],
          "skipped": [],
          "duration": 0,
          "root": false,
          "rootEmpty": false,
          "_timeout": 2000
        }
      ],
      "passes": [],
      "failures": [],
      "pending": [],
      "skipped": [],
      "duration": 0,
      "root": true,
      "rootEmpty": true,
      "_timeout": 2000
    }
  ],
  "meta": {
    "mocha": {
      "version": "11.7.6"
    },
    "mochawesome": {
      "options": {
        "quiet": false,
        "reportFilename": "mochawesome",
        "saveHtml": true,
        "saveJson": true,
        "consoleReporter": "spec",
        "useInlineDiffs": false,
        "code": true
      },
      "version": "7.1.4"
    },
    "marge": {
      "options": null,
      "version": "6.3.2"
    }
  }
}